<?xml version="1.0" encoding="UTF-8"?>
<!-- Generated by org.testng.reporters.JUnitReportReporter -->
<testsuite hostname="DESKTOP-G59H6AO" name="com.testpages.HomePageTest" tests="1" failures="0" timestamp="23 Nov 2021 04:47:00 GMT" time="39.813" errors="0">
  <testcase name="verift_logintest" time="39.813" classname="com.testpages.HomePageTest"/>
</testsuite> <!-- com.testpages.HomePageTest -->
