<?xml version="1.0" encoding="UTF-8"?>
<!-- Generated by org.testng.reporters.JUnitReportReporter -->
<testsuite hostname="DESKTOP-G59H6AO" name="com.testpages.HomePageTest" tests="1" failures="0" timestamp="18 Dec 2021 13:38:20 GMT" time="32.776" errors="0">
  <testcase name="verify_world_of_day_link_test" time="32.776" classname="com.testpages.HomePageTest"/>
</testsuite> <!-- com.testpages.HomePageTest -->
